::1 - - [09/Mar/2022:16:16:19 +0000] "GET /products/category/1 HTTP/1.1" 200 42326
::1 - - [09/Mar/2022:16:16:19 +0000] "GET /css/bootstrap.min.css HTTP/1.1" 304 -
::1 - - [09/Mar/2022:16:16:19 +0000] "GET /css/styles.css HTTP/1.1" 304 -
::1 - - [09/Mar/2022:16:16:19 +0000] "GET /products/category/js/bootstrap.min.js HTTP/1.1" 404 176
::1 - - [09/Mar/2022:16:16:19 +0000] "GET /fonts/glyphicons-halflings-regular.woff HTTP/1.1" 404 178
::1 - - [09/Mar/2022:16:16:19 +0000] "GET /products/category/js/bootstrap.min.js HTTP/1.1" 404 176
::1 - - [09/Mar/2022:16:16:19 +0000] "GET /fonts/glyphicons-halflings-regular.ttf HTTP/1.1" 404 177
::1 - - [09/Mar/2022:16:16:28 +0000] "GET /category HTTP/1.1" 304 -
::1 - - [09/Mar/2022:16:16:28 +0000] "GET /css/bootstrap.min.css HTTP/1.1" 304 -
::1 - - [09/Mar/2022:16:16:28 +0000] "GET /css/styles.css HTTP/1.1" 304 -
::1 - - [09/Mar/2022:16:16:29 +0000] "GET /js/bootstrap.min.js HTTP/1.1" 304 -
::1 - - [09/Mar/2022:16:16:29 +0000] "GET /fonts/glyphicons-halflings-regular.woff HTTP/1.1" 404 178
::1 - - [09/Mar/2022:16:16:29 +0000] "GET /fonts/glyphicons-halflings-regular.ttf HTTP/1.1" 404 177
::1 - - [09/Mar/2022:16:16:31 +0000] "GET /products/category/2 HTTP/1.1" 200 11484
::1 - - [09/Mar/2022:16:16:31 +0000] "GET /css/bootstrap.min.css HTTP/1.1" 304 -
::1 - - [09/Mar/2022:16:16:31 +0000] "GET /css/styles.css HTTP/1.1" 304 -
::1 - - [09/Mar/2022:16:16:31 +0000] "GET /products/category/js/bootstrap.min.js HTTP/1.1" 404 176
::1 - - [09/Mar/2022:16:16:31 +0000] "GET /products/category/js/bootstrap.min.js HTTP/1.1" 404 176
::1 - - [09/Mar/2022:16:16:31 +0000] "GET /fonts/glyphicons-halflings-regular.woff HTTP/1.1" 404 178
::1 - - [09/Mar/2022:16:16:31 +0000] "GET /fonts/glyphicons-halflings-regular.ttf HTTP/1.1" 404 177
::1 - - [09/Mar/2022:16:17:03 +0000] "GET /category HTTP/1.1" 304 -
::1 - - [09/Mar/2022:16:17:03 +0000] "GET /css/bootstrap.min.css HTTP/1.1" 304 -
::1 - - [09/Mar/2022:16:17:03 +0000] "GET /css/styles.css HTTP/1.1" 304 -
::1 - - [09/Mar/2022:16:17:03 +0000] "GET /js/bootstrap.min.js HTTP/1.1" 304 -
::1 - - [09/Mar/2022:16:17:03 +0000] "GET /fonts/glyphicons-halflings-regular.woff HTTP/1.1" 404 178
::1 - - [09/Mar/2022:16:17:03 +0000] "GET /fonts/glyphicons-halflings-regular.ttf HTTP/1.1" 404 177
::1 - - [09/Mar/2022:16:17:05 +0000] "GET /products/category/1 HTTP/1.1" 304 -
::1 - - [09/Mar/2022:16:17:05 +0000] "GET /css/bootstrap.min.css HTTP/1.1" 304 -
::1 - - [09/Mar/2022:16:17:05 +0000] "GET /products/category/js/bootstrap.min.js HTTP/1.1" 404 176
::1 - - [09/Mar/2022:16:17:05 +0000] "GET /css/styles.css HTTP/1.1" 304 -
::1 - - [09/Mar/2022:16:17:06 +0000] "GET /fonts/glyphicons-halflings-regular.woff HTTP/1.1" 404 178
::1 - - [09/Mar/2022:16:17:06 +0000] "GET /products/category/js/bootstrap.min.js HTTP/1.1" 404 176
::1 - - [09/Mar/2022:16:17:06 +0000] "GET /fonts/glyphicons-halflings-regular.ttf HTTP/1.1" 404 177
